0 info it worked if it ends with ok
1 verbose cli [ '/usr/local/bin/node',
1 verbose cli   '/usr/local/bin/npm',
1 verbose cli   'run',
1 verbose cli   'only-once' ]
2 info using npm@3.9.3
3 info using node@v6.2.1
4 verbose stack Error: ENOENT: no such file or directory, open '/Users/manishgiri/Dropbox/Development/Web Dev/Learn/FreeCodeCamp/Ziplines/8-Twitch-API/Ziplines-shared/package.json'
4 verbose stack     at Error (native)
5 verbose cwd /Users/manishgiri/Dropbox/Development/Web Dev/Learn/FreeCodeCamp/Ziplines/8-Twitch-API/Ziplines-shared
6 error Darwin 15.5.0
7 error argv "/usr/local/bin/node" "/usr/local/bin/npm" "run" "only-once"
8 error node v6.2.1
9 error npm  v3.9.3
10 error path /Users/manishgiri/Dropbox/Development/Web Dev/Learn/FreeCodeCamp/Ziplines/8-Twitch-API/Ziplines-shared/package.json
11 error code ENOENT
12 error errno -2
13 error syscall open
14 error enoent ENOENT: no such file or directory, open '/Users/manishgiri/Dropbox/Development/Web Dev/Learn/FreeCodeCamp/Ziplines/8-Twitch-API/Ziplines-shared/package.json'
15 error enoent ENOENT: no such file or directory, open '/Users/manishgiri/Dropbox/Development/Web Dev/Learn/FreeCodeCamp/Ziplines/8-Twitch-API/Ziplines-shared/package.json'
15 error enoent This is most likely not a problem with npm itself
15 error enoent and is related to npm not being able to find a file.
16 verbose exit [ -2, true ]
